# JRE version: OpenJDK Runtime Environment Microsoft-8035250 (11.0.20+8) (build 11.0.20+8-LTS)
# Java VM: OpenJDK 64-Bit Server VM Microsoft-8035250 (11.0.20+8-LTS, mixed mode, tiered, compressed oops, g1 gc, windows-amd64)
Heap:
 garbage-first heap   total 327680K, used 169054K [0x0000000080000000, 0x0000000100000000)
  region size 1024K, 2 young (2048K), 2 survivors (2048K)
 Metaspace       used 110422K, capacity 114423K, committed 114512K, reserved 616448K
  class space    used 14443K, capacity 16020K, committed 16076K, reserved 516096K
GC Heap History (20 events):
Event: 413.953 GC heap after
{Heap after GC invocations=114 (full 0):
 garbage-first heap   total 220160K, used 152257K [0x0000000080000000, 0x0000000100000000)
  region size 1024K, 3 young (3072K), 3 survivors (3072K)
 Metaspace       used 107310K, capacity 110969K, committed 111184K, reserved 612352K
  class space    used 14046K, capacity 15552K, committed 15564K, reserved 516096K
}
Event: 466.218 GC heap before
{Heap before GC invocations=114 (full 0):
 garbage-first heap   total 220160K, used 169665K [0x0000000080000000, 0x0000000100000000)
  region size 1024K, 22 young (22528K), 3 survivors (3072K)
 Metaspace       used 107373K, capacity 111039K, committed 111184K, reserved 612352K
  class space    used 14053K, capacity 15564K, committed 15564K, reserved 516096K
}
Event: 466.576 GC heap after
{Heap after GC invocations=115 (full 0):
 garbage-first heap   total 220160K, used 153137K [0x0000000080000000, 0x0000000100000000)
  region size 1024K, 4 young (4096K), 4 survivors (4096K)
 Metaspace       used 107373K, capacity 111039K, committed 111184K, reserved 612352K
  class space    used 14053K, capacity 15564K, committed 15564K, reserved 516096K
}
Event: 474.568 GC heap before
{Heap before GC invocations=116 (full 0):
 garbage-first heap   total 220160K, used 158257K [0x0000000080000000, 0x0000000100000000)
  region size 1024K, 7 young (7168K), 4 survivors (4096K)
 Metaspace       used 107375K, capacity 111039K, committed 111184K, reserved 612352K
  class space    used 14053K, capacity 15564K, committed 15564K, reserved 516096K
}
Event: 474.607 GC heap after
{Heap after GC invocations=117 (full 0):
 garbage-first heap   total 220160K, used 158118K [0x0000000080000000, 0x0000000100000000)
  region size 1024K, 4 young (4096K), 4 survivors (4096K)
 Metaspace       used 107375K, capacity 111039K, committed 111184K, reserved 612352K
  class space    used 14053K, capacity 15564K, committed 15564K, reserved 516096K
}
Event: 493.848 GC heap before
{Heap before GC invocations=118 (full 0):
 garbage-first heap   total 220160K, used 184742K [0x0000000080000000, 0x0000000100000000)
  region size 1024K, 27 young (27648K), 4 survivors (4096K)
 Metaspace       used 108660K, capacity 112416K, committed 112720K, reserved 614400K
  class space    used 14228K, capacity 15766K, committed 15820K, reserved 516096K
}
Event: 494.498 GC heap after
{Heap after GC invocations=119 (full 0):
 garbage-first heap   total 220160K, used 164519K [0x0000000080000000, 0x0000000100000000)
  region size 1024K, 4 young (4096K), 4 survivors (4096K)
 Metaspace       used 108660K, capacity 112416K, committed 112720K, reserved 614400K
  class space    used 14228K, capacity 15766K, committed 15820K, reserved 516096K
}
Event: 496.874 GC heap before
{Heap before GC invocations=119 (full 0):
 garbage-first heap   total 220160K, used 170663K [0x0000000080000000, 0x0000000100000000)
  region size 1024K, 10 young (10240K), 4 survivors (4096K)
 Metaspace       used 109070K, capacity 112850K, committed 112976K, reserved 614400K
  class space    used 14265K, capacity 15801K, committed 15820K, reserved 516096K
}
Event: 497.071 GC heap after
{Heap after GC invocations=120 (full 0):
 garbage-first heap   total 264192K, used 165357K [0x0000000080000000, 0x0000000100000000)
  region size 1024K, 1 young (1024K), 1 survivors (1024K)
 Metaspace       used 109070K, capacity 112850K, committed 112976K, reserved 614400K
  class space    used 14265K, capacity 15801K, committed 15820K, reserved 516096K
}
Event: 544.040 GC heap before
{Heap before GC invocations=121 (full 0):
 garbage-first heap   total 264192K, used 197101K [0x0000000080000000, 0x0000000100000000)
  region size 1024K, 32 young (32768K), 1 survivors (1024K)
 Metaspace       used 110365K, capacity 114358K, committed 114512K, reserved 616448K
  class space    used 14443K, capacity 16020K, committed 16076K, reserved 516096K
}
Event: 544.560 GC heap after
{Heap after GC invocations=122 (full 0):
 garbage-first heap   total 264192K, used 167977K [0x0000000080000000, 0x0000000100000000)
  region size 1024K, 4 young (4096K), 4 survivors (4096K)
 Metaspace       used 110365K, capacity 114358K, committed 114512K, reserved 616448K
  class space    used 14443K, capacity 16020K, committed 16076K, reserved 516096K
}
Event: 575.003 GC heap before
{Heap before GC invocations=122 (full 0):
 garbage-first heap   total 264192K, used 176169K [0x0000000080000000, 0x0000000100000000)
  region size 1024K, 12 young (12288K), 4 survivors (4096K)
 Metaspace       used 110375K, capacity 114358K, committed 114512K, reserved 616448K
  class space    used 14443K, capacity 16020K, committed 16076K, reserved 516096K
}
Event: 576.804 GC heap after
{Heap after GC invocations=123 (full 0):
 garbage-first heap   total 264192K, used 168292K [0x0000000080000000, 0x0000000100000000)
  region size 1024K, 1 young (1024K), 1 survivors (1024K)
 Metaspace       used 110375K, capacity 114358K, committed 114512K, reserved 616448K
  class space    used 14443K, capacity 16020K, committed 16076K, reserved 516096K
}
Event: 625.238 GC heap before
{Heap before GC invocations=124 (full 0):
 garbage-first heap   total 264192K, used 178532K [0x0000000080000000, 0x0000000100000000)
  region size 1024K, 12 young (12288K), 1 survivors (1024K)
 Metaspace       used 110382K, capacity 114422K, committed 114512K, reserved 616448K
  class space    used 14443K, capacity 16020K, committed 16076K, reserved 516096K
}
Event: 625.701 GC heap after
{Heap after GC invocations=125 (full 0):
 garbage-first heap   total 264192K, used 168351K [0x0000000080000000, 0x0000000100000000)
  region size 1024K, 1 young (1024K), 1 survivors (1024K)
 Metaspace       used 110382K, capacity 114422K, committed 114512K, reserved 616448K
  class space    used 14443K, capacity 16020K, committed 16076K, reserved 516096K
}
Event: 687.442 GC heap before
{Heap before GC invocations=125 (full 0):
 garbage-first heap   total 264192K, used 178591K [0x0000000080000000, 0x0000000100000000)
  region size 1024K, 12 young (12288K), 1 survivors (1024K)
 Metaspace       used 110408K, capacity 114422K, committed 114512K, reserved 616448K
  class space    used 14443K, capacity 16020K, committed 16076K, reserved 516096K
}
Event: 688.515 GC heap after
{Heap after GC invocations=126 (full 0):
 garbage-first heap   total 264192K, used 168596K [0x0000000080000000, 0x0000000100000000)
  region size 1024K, 1 young (1024K), 1 survivors (1024K)
 Metaspace       used 110408K, capacity 114422K, committed 114512K, reserved 616448K
  class space    used 14443K, capacity 16020K, committed 16076K, reserved 516096K
}
Event: 749.566 GC heap before
{Heap before GC invocations=127 (full 0):
 garbage-first heap   total 264192K, used 179860K [0x0000000080000000, 0x0000000100000000)
  region size 1024K, 12 young (12288K), 1 survivors (1024K)
 Metaspace       used 110413K, capacity 114422K, committed 114512K, reserved 616448K
  class space    used 14443K, capacity 16020K, committed 16076K, reserved 516096K
}
Event: 750.445 GC heap after
{Heap after GC invocations=128 (full 0):
 garbage-first heap   total 264192K, used 168888K [0x0000000080000000, 0x0000000100000000)
  region size 1024K, 2 young (2048K), 2 survivors (2048K)
 Metaspace       used 110413K, capacity 114422K, committed 114512K, reserved 616448K
  class space    used 14443K, capacity 16020K, committed 16076K, reserved 516096K
}
Event: 802.659 GC heap before
{Heap before GC invocations=128 (full 0):
 garbage-first heap   total 264192K, used 178104K [0x0000000080000000, 0x0000000100000000)
  region size 1024K, 12 young (12288K), 2 survivors (2048K)
 Metaspace       used 110422K, capacity 114423K, committed 114512K, reserved 616448K
  class space    used 14443K, capacity 16020K, committed 16076K, reserved 516096K
}

