# JRE version: OpenJDK Runtime Environment Microsoft-8035250 (11.0.20+8) (build 11.0.20+8-LTS)
# Java VM: OpenJDK 64-Bit Server VM Microsoft-8035250 (11.0.20+8-LTS, mixed mode, tiered, compressed oops, g1 gc, windows-amd64)
Heap:
 garbage-first heap   total 192512K, used 83865K [0x0000000080000000, 0x0000000100000000)
  region size 1024K, 3 young (3072K), 1 survivors (1024K)
 Metaspace       used 92996K, capacity 95704K, committed 95872K, reserved 600064K
  class space    used 12238K, capacity 13316K, committed 13440K, reserved 516096K
GC Heap History (20 events):
Event: 546.095 GC heap before
{Heap before GC invocations=35 (full 0):
 garbage-first heap   total 159744K, used 83300K [0x0000000080000000, 0x0000000100000000)
  region size 1024K, 7 young (7168K), 1 survivors (1024K)
 Metaspace       used 87066K, capacity 89579K, committed 89856K, reserved 593920K
  class space    used 11214K, capacity 12250K, committed 12288K, reserved 516096K
}
Event: 546.165 GC heap after
{Heap after GC invocations=36 (full 0):
 garbage-first heap   total 159744K, used 77334K [0x0000000080000000, 0x0000000100000000)
  region size 1024K, 1 young (1024K), 1 survivors (1024K)
 Metaspace       used 87066K, capacity 89579K, committed 89856K, reserved 593920K
  class space    used 11214K, capacity 12250K, committed 12288K, reserved 516096K
}
Event: 553.817 GC heap before
{Heap before GC invocations=37 (full 0):
 garbage-first heap   total 159744K, used 83478K [0x0000000080000000, 0x0000000100000000)
  region size 1024K, 7 young (7168K), 1 survivors (1024K)
 Metaspace       used 87818K, capacity 90287K, committed 90496K, reserved 595968K
  class space    used 11349K, capacity 12379K, committed 12416K, reserved 516096K
}
Event: 553.882 GC heap after
{Heap after GC invocations=38 (full 0):
 garbage-first heap   total 159744K, used 77647K [0x0000000080000000, 0x0000000100000000)
  region size 1024K, 1 young (1024K), 1 survivors (1024K)
 Metaspace       used 87818K, capacity 90287K, committed 90496K, reserved 595968K
  class space    used 11349K, capacity 12379K, committed 12416K, reserved 516096K
}
Event: 573.502 GC heap before
{Heap before GC invocations=38 (full 0):
 garbage-first heap   total 159744K, used 86863K [0x0000000080000000, 0x0000000100000000)
  region size 1024K, 10 young (10240K), 1 survivors (1024K)
 Metaspace       used 89051K, capacity 91477K, committed 91776K, reserved 595968K
  class space    used 11597K, capacity 12605K, committed 12672K, reserved 516096K
}
Event: 573.685 GC heap after
{Heap after GC invocations=39 (full 0):
 garbage-first heap   total 159744K, used 77934K [0x0000000080000000, 0x0000000100000000)
  region size 1024K, 1 young (1024K), 1 survivors (1024K)
 Metaspace       used 89051K, capacity 91477K, committed 91776K, reserved 595968K
  class space    used 11597K, capacity 12605K, committed 12672K, reserved 516096K
}
Event: 600.540 GC heap before
{Heap before GC invocations=40 (full 0):
 garbage-first heap   total 159744K, used 91246K [0x0000000080000000, 0x0000000100000000)
  region size 1024K, 15 young (15360K), 1 survivors (1024K)
 Metaspace       used 90640K, capacity 93120K, committed 93312K, reserved 598016K
  class space    used 11863K, capacity 12887K, committed 12928K, reserved 516096K
}
Event: 600.643 GC heap after
{Heap after GC invocations=41 (full 0):
 garbage-first heap   total 159744K, used 78897K [0x0000000080000000, 0x0000000100000000)
  region size 1024K, 2 young (2048K), 2 survivors (2048K)
 Metaspace       used 90640K, capacity 93120K, committed 93312K, reserved 598016K
  class space    used 11863K, capacity 12887K, committed 12928K, reserved 516096K
}
Event: 649.533 GC heap before
{Heap before GC invocations=41 (full 0):
 garbage-first heap   total 159744K, used 94257K [0x0000000080000000, 0x0000000100000000)
  region size 1024K, 18 young (18432K), 2 survivors (2048K)
 Metaspace       used 91669K, capacity 94277K, committed 94592K, reserved 598016K
  class space    used 12015K, capacity 13081K, committed 13184K, reserved 516096K
}
Event: 650.060 GC heap after
{Heap after GC invocations=42 (full 0):
 garbage-first heap   total 159744K, used 80401K [0x0000000080000000, 0x0000000100000000)
  region size 1024K, 3 young (3072K), 3 survivors (3072K)
 Metaspace       used 91669K, capacity 94277K, committed 94592K, reserved 598016K
  class space    used 12015K, capacity 13081K, committed 13184K, reserved 516096K
}
Event: 688.586 GC heap before
{Heap before GC invocations=43 (full 0):
 garbage-first heap   total 159744K, used 84497K [0x0000000080000000, 0x0000000100000000)
  region size 1024K, 7 young (7168K), 3 survivors (3072K)
 Metaspace       used 91886K, capacity 94482K, committed 94592K, reserved 598016K
  class space    used 12043K, capacity 13083K, committed 13184K, reserved 516096K
}
Event: 689.196 GC heap after
{Heap after GC invocations=44 (full 0):
 garbage-first heap   total 159744K, used 80887K [0x0000000080000000, 0x0000000100000000)
  region size 1024K, 1 young (1024K), 1 survivors (1024K)
 Metaspace       used 91886K, capacity 94482K, committed 94592K, reserved 598016K
  class space    used 12043K, capacity 13083K, committed 13184K, reserved 516096K
}
Event: 735.338 GC heap before
{Heap before GC invocations=44 (full 0):
 garbage-first heap   total 159744K, used 87031K [0x0000000080000000, 0x0000000100000000)
  region size 1024K, 7 young (7168K), 1 survivors (1024K)
 Metaspace       used 92011K, capacity 94681K, committed 94848K, reserved 598016K
  class space    used 12058K, capacity 13128K, committed 13184K, reserved 516096K
}
Event: 736.645 GC heap after
{Heap after GC invocations=45 (full 0):
 garbage-first heap   total 159744K, used 81680K [0x0000000080000000, 0x0000000100000000)
  region size 1024K, 1 young (1024K), 1 survivors (1024K)
 Metaspace       used 92011K, capacity 94681K, committed 94848K, reserved 598016K
  class space    used 12058K, capacity 13128K, committed 13184K, reserved 516096K
}
Event: 747.872 GC heap before
{Heap before GC invocations=46 (full 0):
 garbage-first heap   total 159744K, used 87824K [0x0000000080000000, 0x0000000100000000)
  region size 1024K, 7 young (7168K), 1 survivors (1024K)
 Metaspace       used 92127K, capacity 94722K, committed 94848K, reserved 598016K
  class space    used 12079K, capacity 13163K, committed 13184K, reserved 516096K
}
Event: 747.995 GC heap after
{Heap after GC invocations=47 (full 0):
 garbage-first heap   total 159744K, used 82437K [0x0000000080000000, 0x0000000100000000)
  region size 1024K, 1 young (1024K), 1 survivors (1024K)
 Metaspace       used 92127K, capacity 94722K, committed 94848K, reserved 598016K
  class space    used 12079K, capacity 13163K, committed 13184K, reserved 516096K
}
Event: 776.825 GC heap before
{Heap before GC invocations=47 (full 0):
 garbage-first heap   total 159744K, used 88581K [0x0000000080000000, 0x0000000100000000)
  region size 1024K, 7 young (7168K), 1 survivors (1024K)
 Metaspace       used 92514K, capacity 95139K, committed 95488K, reserved 600064K
  class space    used 12130K, capacity 13195K, committed 13312K, reserved 516096K
}
Event: 777.406 GC heap after
{Heap after GC invocations=48 (full 0):
 garbage-first heap   total 159744K, used 83043K [0x0000000080000000, 0x0000000100000000)
  region size 1024K, 1 young (1024K), 1 survivors (1024K)
 Metaspace       used 92514K, capacity 95139K, committed 95488K, reserved 600064K
  class space    used 12130K, capacity 13195K, committed 13312K, reserved 516096K
}
Event: 792.563 GC heap before
{Heap before GC invocations=49 (full 0):
 garbage-first heap   total 159744K, used 89187K [0x0000000080000000, 0x0000000100000000)
  region size 1024K, 7 young (7168K), 1 survivors (1024K)
 Metaspace       used 92974K, capacity 95688K, committed 95744K, reserved 600064K
  class space    used 12235K, capacity 13312K, committed 13312K, reserved 516096K
}
Event: 792.758 GC heap after
{Heap after GC invocations=50 (full 0):
 garbage-first heap   total 192512K, used 83865K [0x0000000080000000, 0x0000000100000000)
  region size 1024K, 1 young (1024K), 1 survivors (1024K)
 Metaspace       used 92974K, capacity 95688K, committed 95744K, reserved 600064K
  class space    used 12235K, capacity 13312K, committed 13312K, reserved 516096K
}

